<?xml version="1.0" encoding="UTF-8"?>
<!-- Generated by org.testng.reporters.JUnitReportReporter -->
<testsuite hostname="DESKTOP-S15TED7" failures="0" tests="7" name="StarWarsAPI.StarWarsAPITestig" time="10.182" errors="0" timestamp="2021-04-16T14:57:28 EDT" skipped="0">
  <testcase classname="StarWarsAPI.StarWarsAPITestig" name="allCharValidTest" time="4.684"/>
  <system-out/>
  <testcase classname="StarWarsAPI.StarWarsAPITestig" name="allCharInvalidTest" time="0.735"/>
  <system-out/>
  <testcase classname="StarWarsAPI.StarWarsAPITestig" name="specificCharValidTest" time="0.719"/>
  <system-out/>
  <testcase classname="StarWarsAPI.StarWarsAPITestig" name="specificCharInvalidTest" time="0.770"/>
  <system-out/>
  <testcase classname="StarWarsAPI.StarWarsAPITestig" name="searchPlanetsValidTest" time="0.729"/>
  <system-out/>
  <testcase classname="StarWarsAPI.StarWarsAPITestig" name="searchPlanetsInvalidTest" time="0.806"/>
  <system-out/>
  <testcase classname="StarWarsAPI.StarWarsAPITestig" name="BlankSearch" time="1.739"/>
  <system-out/>
</testsuite> <!-- StarWarsAPI.StarWarsAPITestig -->
